<?xml version="1.0" encoding="UTF-8"?>
<testng-results ignored="0" total="2" passed="2" failed="0" skipped="0">
  <reporter-output>
  </reporter-output>
  <suite started-at="2024-04-13T19:55:00 IST" name="Suite" finished-at="2024-04-13T19:56:03 IST" duration-ms="63081">
    <groups>
    </groups>
    <test started-at="2024-04-13T19:55:00 IST" name="Parallel Test1" finished-at="2024-04-13T19:56:02 IST" duration-ms="61548">
      <class name="com.test.com.testclass">
        <test-method signature="testing(java.lang.String)[pri:0, instance:com.test.com.testclass@10e41621]" started-at="2024-04-13T19:55:00 IST" name="testing" finished-at="2024-04-13T19:56:02 IST" duration-ms="61278" status="PASS">
          <params>
            <param index="0">
              <value>
                <![CDATA[chrome]]>
              </value>
            </param>
          </params>
          <reporter-output>
          </reporter-output>
        </test-method> <!-- testing -->
      </class> <!-- com.test.com.testclass -->
    </test> <!-- Parallel Test1 -->
    <test started-at="2024-04-13T19:55:00 IST" name="Parallel Test2" finished-at="2024-04-13T19:56:03 IST" duration-ms="63081">
      <class name="com.test.com.TestClass2">
        <test-method signature="test(java.lang.String)[pri:0, instance:com.test.com.TestClass2@72057ecf]" started-at="2024-04-13T19:55:00 IST" name="test" finished-at="2024-04-13T19:56:03 IST" duration-ms="62796" status="PASS">
          <params>
            <param index="0">
              <value>
                <![CDATA[firefox]]>
              </value>
            </param>
          </params>
          <reporter-output>
          </reporter-output>
        </test-method> <!-- test -->
      </class> <!-- com.test.com.TestClass2 -->
    </test> <!-- Parallel Test2 -->
  </suite> <!-- Suite -->
</testng-results>
